<?xml version="1.0" encoding="UTF-8"?>
<testng-results ignored="0" total="2" passed="2" failed="0" skipped="0">
  <reporter-output>
  </reporter-output>
  <suite started-at="2023-10-07T13:32:03 EDT" name="Default suite" finished-at="2023-10-07T13:32:03 EDT" duration-ms="96">
    <groups>
    </groups>
    <test started-at="2023-10-07T13:32:03 EDT" name="Default test" finished-at="2023-10-07T13:32:03 EDT" duration-ms="96">
      <class name="com.DataDrivenTest">
        <test-method signature="f(java.lang.String,java.lang.String)[pri:0, instance:com.DataDrivenTest@47d9a273]" started-at="2023-10-07T13:32:03 EDT" name="f" data-provider="something" finished-at="2023-10-07T13:32:03 EDT" duration-ms="8" status="PASS">
          <params>
            <param index="0">
              <value>
                <![CDATA[user1]]>
              </value>
            </param>
            <param index="1">
              <value>
                <![CDATA[pass1]]>
              </value>
            </param>
          </params>
          <reporter-output>
          </reporter-output>
        </test-method> <!-- f -->
        <test-method signature="f(java.lang.String,java.lang.String)[pri:0, instance:com.DataDrivenTest@47d9a273]" started-at="2023-10-07T13:32:03 EDT" name="f" data-provider="something" finished-at="2023-10-07T13:32:03 EDT" duration-ms="2" status="PASS">
          <params>
            <param index="0">
              <value>
                <![CDATA[user2]]>
              </value>
            </param>
            <param index="1">
              <value>
                <![CDATA[pass2]]>
              </value>
            </param>
          </params>
          <reporter-output>
          </reporter-output>
        </test-method> <!-- f -->
      </class> <!-- com.DataDrivenTest -->
    </test> <!-- Default test -->
  </suite> <!-- Default suite -->
</testng-results>
